#
# There is insufficient memory for the Java Runtime Environment to continue.
# Native memory allocation (malloc) failed to allocate 32744 bytes for ChunkPool::allocate
# Possible reasons:
#   The system is out of physical RAM or swap space
#   The process is running with CompressedOops enabled, and the Java Heap may be blocking the growth of the native heap
# Possible solutions:
#   Reduce memory load on the system
#   Increase physical memory or swap space
#   Check if swap backing store is full
#   Decrease Java heap size (-Xmx/-Xms)
#   Decrease number of Java threads
#   Decrease Java thread stack sizes (-Xss)
#   Set larger code cache with -XX:ReservedCodeCacheSize=
#   JVM is running with Zero Based Compressed Oops mode in which the Java heap is
#     placed in the first 32GB address space. The Java Heap base address is the
#     maximum limit for the native heap growth. Please use -XX:HeapBaseMinAddress
#     to set the Java Heap base and to place the Java Heap above 32GB virtual address.
# This output file may be truncated or incomplete.
#
#  Out of Memory Error (allocation.cpp:272), pid=13564, tid=0x0000000000003e88
#
# JRE version: OpenJDK Runtime Environment (8.0_242-b01) (build 1.8.0_242-release-1644-b01)
# Java VM: OpenJDK 64-Bit Server VM (25.242-b01 mixed mode windows-amd64 compressed oops)
# Failed to write core dump. Minidumps are not enabled by default on client versions of Windows
#

---------------  T H R E A D  ---------------

Current thread (0x000000001db06000):  JavaThread "C2 CompilerThread1" daemon [_thread_in_native, id=16008, stack(0x000000001e4d0000,0x000000001e5d0000)]

Stack: [0x000000001e4d0000,0x000000001e5d0000]
[error occurred during error reporting (printing stack bounds), id 0xc0000005]

Native frames: (J=compiled Java code, j=interpreted, Vv=VM code, C=native code)


Current CompileTask:
C2:   1509  387   !   4       sun.misc.URLClassPath$JarLoader::getResource (85 bytes)


---------------  P R O C E S S  ---------------

Java Threads: ( => current thread )
  0x000000001db91000 JavaThread "Service Thread" daemon [_thread_blocked, id=11972, stack(0x000000001e7d0000,0x000000001e8d0000)]
  0x000000001db10000 JavaThread "C1 CompilerThread3" daemon [_thread_blocked, id=11888, stack(0x000000001e6d0000,0x000000001e7d0000)]
  0x000000001db09800 JavaThread "C2 CompilerThread2" daemon [_thread_in_native, id=15688, stack(0x000000001e5d0000,0x000000001e6d0000)]
=>0x000000001db06000 JavaThread "C2 CompilerThread1" daemon [_thread_in_native, id=16008, stack(0x000000001e4d0000,0x000000001e5d0000)]
  0x000000001db03000 JavaThread "C2 CompilerThread0" daemon [_thread_in_native, id=15888, stack(0x000000001e3d0000,0x000000001e4d0000)]
  0x000000001db01800 JavaThread "Attach Listener" daemon [_thread_blocked, id=9024, stack(0x000000001e2d0000,0x000000001e3d0000)]
  0x00000000022ad800 JavaThread "Signal Dispatcher" daemon [_thread_blocked, id=3452, stack(0x000000001e1d0000,0x000000001e2d0000)]
  0x000000001daf0800 JavaThread "Finalizer" daemon [_thread_blocked, id=1832, stack(0x000000001dfd0000,0x000000001e0d0000)]
  0x000000001bcfc000 JavaThread "Reference Handler" daemon [_thread_blocked, id=14028, stack(0x000000001ded0000,0x000000001dfd0000)]
  0x00000000021b3000 JavaThread "main" [_thread_in_vm, id=8664, stack(0x00000000020b0000,0x00000000021b0000)]

Other Threads:
  0x000000001bcf7000 VMThread [stack: 0x000000001d9d0000,0x000000001dad0000] [id=6936]
  0x000000001db92000 WatcherThread [stack: 0x000000001e8d0000,0x000000001e9d0000] [id=15008]

VM state:not at safepoint (normal execution)

VM Mutex/Monitor currently owned by a thread: None

heap address: 0x00000006c1600000, size: 4074 MB, Compressed Oops mode: Zero based, Oop shift amount: 3
Narrow klass base: 0x0000000000000000, Narrow klass shift: 3
Compressed class space size: 1073741824 Address: 0x00000007c0000000

Heap:
 PSYoungGen      total 76288K, used 14423K [0x000000076b200000, 0x0000000770700000, 0x00000007c0000000)
  eden space 65536K, 22% used [0x000000076b200000,0x000000076c015d28,0x000000076f200000)
  from space 10752K, 0% used [0x000000076fc80000,0x000000076fc80000,0x0000000770700000)
  to   space 10752K, 0% used [0x000000076f200000,0x000000076f200000,0x000000076fc80000)
 ParOldGen       total 175104K, used 0K [0x00000006c1600000, 0x00000006cc100000, 0x000000076b200000)
  object space 175104K, 0% used [0x00000006c1600000,0x00000006c1600000,0x00000006cc100000)
 Metaspace       used 5606K, capacity 5856K, committed 5888K, reserved 1056768K
  class space    used 670K, capacity 736K, committed 768K, reserved 1048576K

Card table byte_map: [0x0000000011670000,0x0000000011e70000] byte_map_base: 0x000000000e065000

Marking Bits: (ParMarkBitMap*) 0x00000000629af030
 Begin Bits: [0x0000000012bc0000, 0x0000000016b68000)
 End Bits:   [0x0000000016b68000, 0x000000001ab10000)

Polling page: 0x00000000007b0000

CodeCache: size=245760Kb used=1986Kb max_used=1993Kb free=243773Kb
 bounds [0x00000000022b0000, 0x0000000002520000, 0x00000000112b0000]
 total_blobs=666 nmethods=388 adapters=192
 compilation: enabled

Compilation events (10 events):
Event: 1.474 Thread 0x000000001db10000  386       3       java.util.BitSet::get (69 bytes)
Event: 1.475 Thread 0x000000001db10000 nmethod 386 0x000000000249f5d0 code [0x000000000249f7c0, 0x00000000024a0188]
Event: 1.485 Thread 0x000000001db06000  387   !   4       sun.misc.URLClassPath$JarLoader::getResource (85 bytes)
Event: 1.487 Thread 0x000000001db09800  388       4       java.lang.String::startsWith (7 bytes)
Event: 1.493 Thread 0x000000001db09800 nmethod 388 0x00000000024a33d0 code [0x00000000024a3520, 0x00000000024a36b8]
Event: 1.493 Thread 0x000000001db10000  389       3       java.lang.String::lastIndexOf (151 bytes)
Event: 1.494 Thread 0x000000001db10000 nmethod 389 0x00000000024a2850 code [0x00000000024a2a00, 0x00000000024a2f50]
Event: 1.497 Thread 0x000000001db09800  390  s    4       sun.misc.URLClassPath::getNextLoader (88 bytes)
Event: 1.505 Thread 0x000000001db10000  391       3       java.lang.ClassNotFoundException::<init> (7 bytes)
Event: 1.505 Thread 0x000000001db10000 nmethod 391 0x00000000024a2390 code [0x00000000024a2500, 0x00000000024a2748]

GC Heap History (0 events):
No events

Deoptimization events (0 events):
No events

Classes redefined (0 events):
No events

Internal exceptions (10 events):
Event: 0.114 Thread 0x00000000021b3000 Exception <a 'java/lang/NoSuchMethodError': Method sun.misc.Unsafe.prefetchRead(Ljava/lang/Object;J)V name or signature does not match> (0x000000076b207fb0) thrown at [C:\src\AOSP-openjdk-git\hotspot\src\share\vm\prims\jni.cpp, line 4013]
Event: 0.521 Thread 0x00000000021b3000 Exception <a 'java/security/PrivilegedActionException'> (0x000000076b3189e8) thrown at [C:\src\AOSP-openjdk-git\hotspot\src\share\vm\prims\jvm.cpp, line 1502]
Event: 0.521 Thread 0x00000000021b3000 Exception <a 'java/security/PrivilegedActionException'> (0x000000076b318bf8) thrown at [C:\src\AOSP-openjdk-git\hotspot\src\share\vm\prims\jvm.cpp, line 1502]
Event: 0.523 Thread 0x00000000021b3000 Exception <a 'java/security/PrivilegedActionException'> (0x000000076b31c800) thrown at [C:\src\AOSP-openjdk-git\hotspot\src\share\vm\prims\jvm.cpp, line 1502]
Event: 0.523 Thread 0x00000000021b3000 Exception <a 'java/security/PrivilegedActionException'> (0x000000076b31ca10) thrown at [C:\src\AOSP-openjdk-git\hotspot\src\share\vm\prims\jvm.cpp, line 1502]
Event: 0.523 Thread 0x00000000021b3000 Exception <a 'java/security/PrivilegedActionException'> (0x000000076b31df48) thrown at [C:\src\AOSP-openjdk-git\hotspot\src\share\vm\prims\jvm.cpp, line 1502]
Event: 0.524 Thread 0x00000000021b3000 Exception <a 'java/security/PrivilegedActionException'> (0x000000076b31e158) thrown at [C:\src\AOSP-openjdk-git\hotspot\src\share\vm\prims\jvm.cpp, line 1502]
Event: 1.468 Thread 0x00000000021b3000 Exception <a 'java/lang/ArrayIndexOutOfBoundsException': 100> (0x000000076be8c9a0) thrown at [C:\src\AOSP-openjdk-git\hotspot\src\share\vm\interpreter\interpreterRuntime.cpp, line 368]
Event: 1.470 Thread 0x00000000021b3000 Exception <a 'java/lang/ArrayIndexOutOfBoundsException': 18> (0x000000076be8d8d8) thrown at [C:\src\AOSP-openjdk-git\hotspot\src\share\vm\interpreter\interpreterRuntime.cpp, line 368]
Event: 1.470 Thread 0x00000000021b3000 Exception <a 'java/lang/ArrayIndexOutOfBoundsException': 40> (0x000000076be8e508) thrown at [C:\src\AOSP-openjdk-git\hotspot\src\share\vm\interpreter\interpreterRuntime.cpp, line 368]

Events (10 events):
Event: 1.496 loading class org/gradle/internal/logging/source/DefaultStdErrLoggingSystem
Event: 1.496 loading class org/gradle/internal/logging/source/DefaultStdErrLoggingSystem done
Event: 1.497 loading class org/gradle/internal/logging/source/StdErrLoggingSystem
Event: 1.497 loading class org/gradle/internal/logging/source/StdErrLoggingSystem done
Event: 1.503 loading class org/gradle/internal/logging/LoggingManagerInternal
Event: 1.503 loading class org/gradle/internal/logging/LoggingManagerInternal done
Event: 1.504 loading class org/gradle/api/logging/LoggingManager
Event: 1.504 loading class org/gradle/api/logging/LoggingManager done
Event: 1.505 loading class org/gradle/internal/logging/StandardOutputCapture
Event: 1.505 loading class org/gradle/internal/logging/StandardOutputCapture done


Dynamic libraries:
0x00007ff66e600000 - 0x00007ff66e631000 	C:\Program Files\Android\Android Studio\jre\bin\java.exe
0x00007ffdd69f0000 - 0x00007ffdd6be6000 	C:\Windows\SYSTEM32\ntdll.dll
0x00007ffdc4200000 - 0x00007ffdc4212000 	D:\Program Files\Avast Software\Avast\aswhook.dll
0x00007ffdd4fb0000 - 0x00007ffdd506d000 	C:\Windows\System32\KERNEL32.DLL
0x00007ffdd41e0000 - 0x00007ffdd44a9000 	C:\Windows\System32\KERNELBASE.dll
0x00007ffdd5310000 - 0x00007ffdd53bc000 	C:\Windows\System32\ADVAPI32.dll
0x00007ffdd4d10000 - 0x00007ffdd4dae000 	C:\Windows\System32\msvcrt.dll
0x00007ffdd6900000 - 0x00007ffdd699c000 	C:\Windows\System32\sechost.dll
0x00007ffdd50d0000 - 0x00007ffdd51fb000 	C:\Windows\System32\RPCRT4.dll
0x00007ffdd4e10000 - 0x00007ffdd4fb0000 	C:\Windows\System32\USER32.dll
0x00007ffdd4560000 - 0x00007ffdd4582000 	C:\Windows\System32\win32u.dll
0x00007ffdd4a60000 - 0x00007ffdd4a8a000 	C:\Windows\System32\GDI32.dll
0x00007ffdd4630000 - 0x00007ffdd473b000 	C:\Windows\System32\gdi32full.dll
0x00007ffdd4590000 - 0x00007ffdd462d000 	C:\Windows\System32\msvcp_win.dll
0x00007ffdd48a0000 - 0x00007ffdd49a0000 	C:\Windows\System32\ucrtbase.dll
0x00007ffdc2630000 - 0x00007ffdc28cb000 	C:\Windows\WinSxS\amd64_microsoft.windows.common-controls_6595b64144ccf1df_6.0.19041.746_none_ca02b4b61b8320a4\COMCTL32.dll
0x00007ffdd5e80000 - 0x00007ffdd5eb0000 	C:\Windows\System32\IMM32.DLL
0x0000000062020000 - 0x00000000620f2000 	C:\Program Files\Android\Android Studio\jre\jre\bin\msvcr100.dll
0x00000000621e0000 - 0x0000000062a2b000 	C:\Program Files\Android\Android Studio\jre\jre\bin\server\jvm.dll
0x00007ffdd69a0000 - 0x00007ffdd69a8000 	C:\Windows\System32\PSAPI.DLL
0x00007ffdc2470000 - 0x00007ffdc2479000 	C:\Windows\SYSTEM32\WSOCK32.dll
0x00007ffdd5f40000 - 0x00007ffdd5fab000 	C:\Windows\System32\WS2_32.dll
0x00007ffdc3df0000 - 0x00007ffdc3e17000 	C:\Windows\SYSTEM32\WINMM.dll
0x00007ffdc9050000 - 0x00007ffdc905a000 	C:\Windows\SYSTEM32\VERSION.dll
0x00007ffdd1870000 - 0x00007ffdd187f000 	C:\Program Files\Android\Android Studio\jre\jre\bin\verify.dll
0x00007ffdbe8a0000 - 0x00007ffdbe8c9000 	C:\Program Files\Android\Android Studio\jre\jre\bin\java.dll
0x00007ffdaae40000 - 0x00007ffdaae56000 	C:\Program Files\Android\Android Studio\jre\jre\bin\zip.dll
0x00007ffdd61b0000 - 0x00007ffdd68f3000 	C:\Windows\System32\SHELL32.dll
0x00007ffdd2270000 - 0x00007ffdd29ff000 	C:\Windows\SYSTEM32\windows.storage.dll
0x00007ffdd5b20000 - 0x00007ffdd5e76000 	C:\Windows\System32\combase.dll
0x00007ffdd3b90000 - 0x00007ffdd3bbc000 	C:\Windows\SYSTEM32\Wldp.dll
0x00007ffdd5260000 - 0x00007ffdd530e000 	C:\Windows\System32\SHCORE.dll
0x00007ffdd6140000 - 0x00007ffdd6195000 	C:\Windows\System32\shlwapi.dll
0x00007ffdd4060000 - 0x00007ffdd4086000 	C:\Windows\SYSTEM32\profapi.dll
0x00007ffdaac20000 - 0x00007ffdaac3a000 	C:\Program Files\Android\Android Studio\jre\jre\bin\net.dll
0x00007ffdd3910000 - 0x00007ffdd397a000 	C:\Windows\system32\mswsock.dll
0x00007ffda9ca0000 - 0x00007ffda9cb3000 	C:\Program Files\Android\Android Studio\jre\jre\bin\nio.dll

VM Arguments:
jvm_args: -Dorg.gradle.appname=gradlew 
java_command: org.gradle.wrapper.GradleWrapperMain -q -Ptarget-platform=android-x86 -Ptarget=C:\Users\Dell\Desktop\AndroidStudio\dicee-flutter\lib\main.dart -Ptrack-widget-creation=true -Pfilesystem-scheme=org-dartlang-root -Pdart-defines=flutter.inspector.structuredErrors%3Dtrue assembleDebug
java_class_path (initial): C:\Users\Dell\Desktop\AndroidStudio\dicee-flutter\android\\gradle\wrapper\gradle-wrapper.jar
Launcher Type: SUN_STANDARD

Environment Variables:
JAVA_HOME=C:\Program Files\Android\Android Studio\jre
CLASSPATH=C:\Users\Dell\Desktop\AndroidStudio\dicee-flutter\android\\gradle\wrapper\gradle-wrapper.jar
PATH=C:\Program Files (x86)\Common Files\Intel\Shared Libraries\redist\intel64\compiler;C:\Program Files\AdoptOpenJDK\jdk-11.0.6.10-hotspot\bin;C:\Program Files (x86)\Common Files\Oracle\Java\javapath;C:\Program Files (x86)\Intel\iCLS Client;C:\Program Files\Intel\iCLS Client;C:\Windows\system32;C:\Windows;C:\Windows\System32\Wbem;C:\Windows\System32\WindowsPowerShell\v1.0;C:\Windows\System32\OpenSSH;C:\Program Files (x86)\Intel\Intel(R) Management Engine Components\DAL;C:\Program Files\Intel\Intel(R) Management Engine Components\DAL;C:\Program Files (x86)\Intel\Intel(R) Management Engine Components\IPT;C:\Program Files\Intel\Intel(R) Management Engine Components\IPT;C:\Program Files\Dell\Dell Data Protection\Drivers\TSS\bin;C:\Windows\System32\WindowsPowerShell\v1.0\;C:\Windows\System32\OpenSSH\;C:\Program Files\Git\cmd;C:\Users\Dell\AppData\Local\Programs\Python\Python38\Scripts\;C:\Users\Dell\AppData\Local\Programs\Python\Python38\;C:\Users\Dell\AppData\Local\Programs\Python\Python38-32\Scripts\;C:\Users\Dell\AppData\Local\Programs\Python\Python38-32\;C:\Users\Dell\AppData\Local\Programs\Python\Python37-32\Scripts\;C:\Users\Dell\AppData\Local\Programs\Python\Python37-32\;C:\Users\Dell\anaconda3;C:\Users\Dell\anaconda3\Library\mingw-w64\bin;C:\Users\Dell\anaconda3\Library\usr\bin;C:\Users\Dell\anaconda3\Library\bin;C:\Users\Dell\anaconda3\Scripts;C:\Users\Dell\Flutter\flutter\bin;C:\Users\Dell\AppData\Local\Microsoft\WindowsApps;C:\Users\Dell\AppData\Local\atom\bin;C:\Users\Dell\AppData\Local\GitHubDesktop\bin;C:\Users\Dell\AppData\Local\Programs\Python\Python38-32\Scripts;C:\Users\Dell\AppData\Local\Microsoft\WindowsApps;C:\Program Files\JetBrains\PyCharm Community Edition 2020.2.2\bin;D:\Program Files (x86)\Microsoft VS Code\bin;C:\Users\Dell\Flutter\flutter\bin\mingit\cmd
USERNAME=Dell
OS=Windows_NT
PROCESSOR_IDENTIFIER=Intel64 Family 6 Model 60 Stepping 3, GenuineIntel



---------------  S Y S T E M  ---------------

OS: Windows 10.0 , 64 bit Build 19041 (10.0.19041.662)

CPU:total 8 (initial active 8) (4 cores per cpu, 2 threads per core) family 6 model 60 stepping 3, cmov, cx8, fxsr, mmx, sse, sse2, sse3, ssse3, sse4.1, sse4.2, popcnt, avx, avx2, aes, clmul, erms, lzcnt, ht, tsc, tscinvbit, bmi1, bmi2

Memory: 4k page, physical 16680028k(2643400k free), swap 16680028k(5120k free)

vm_info: OpenJDK 64-Bit Server VM (25.242-b01) for windows-amd64 JRE (1.8.0_242-release-1644-b01), built by "builder" with MS VC++ 10.0 (VS2010)

time: Fri Jan 29 01:07:40 2021
timezone: W. Europe Standard Time
elapsed time: 1 seconds (0d 0h 0m 1s)

